
*** Running vivado
    with args -log decade_counter.vds -m64 -product Vivado -mode batch -messageDb vivado.pb -notrace -source decade_counter.tcl


ECHO is off.
ECHO is off.

****** Vivado v2023.1 (64-bit)
  **** SW Build 3865809 on Sun May  7 15:05:29 MDT 2023
  **** IP Build 3864474 on Sun May  7 20:36:21 MDT 2023
  **** SharedData Build 3865790 on Sun May 07 13:33:03 MDT 2023
    ** Copyright 1986-2022 Xilinx, Inc. All Rights Reserved.
    ** Copyright 2022-2023 Advanced Micro Devices, Inc. All Rights Reserved.

source decade_counter.tcl -notrace
create_project: Time (s): cpu = 00:00:06 ; elapsed = 00:00:07 . Memory (MB): peak = 422.895 ; gain = 162.117
Command: synth_design -top decade_counter -part xc7a35tcpg236-1
Starting synth_design
Attempting to get a license for feature 'Synthesis' and/or device 'xc7a35t'
INFO: [Common 17-349] Got license for feature 'Synthesis' and/or device 'xc7a35t'
INFO: [Synth 8-7079] Multithreading enabled for synth_design using a maximum of 2 processes.
INFO: [Synth 8-7078] Launching helper process for spawning children vivado processes
INFO: [Synth 8-7075] Helper process launched with PID 48532
ERROR: [Synth 8-2577] procedural assignment to a non-register count is not permitted, left-hand side should be reg/integer/time/genvar [D:/DSL/Q1-Decade Counter/Q1-Decade Counter.srcs/sources_1/new/q1_1005502.v:33]
ERROR: [Synth 8-2577] procedural assignment to a non-register ten is not permitted, left-hand side should be reg/integer/time/genvar [D:/DSL/Q1-Decade Counter/Q1-Decade Counter.srcs/sources_1/new/q1_1005502.v:34]
ERROR: [Synth 8-2577] procedural assignment to a non-register count is not permitted, left-hand side should be reg/integer/time/genvar [D:/DSL/Q1-Decade Counter/Q1-Decade Counter.srcs/sources_1/new/q1_1005502.v:37]
ERROR: [Synth 8-2577] procedural assignment to a non-register ten is not permitted, left-hand side should be reg/integer/time/genvar [D:/DSL/Q1-Decade Counter/Q1-Decade Counter.srcs/sources_1/new/q1_1005502.v:41]
ERROR: [Synth 8-2577] procedural assignment to a non-register ten is not permitted, left-hand side should be reg/integer/time/genvar [D:/DSL/Q1-Decade Counter/Q1-Decade Counter.srcs/sources_1/new/q1_1005502.v:43]
INFO: [Synth 8-10285] module 'decade_counter' is ignored due to previous errors [D:/DSL/Q1-Decade Counter/Q1-Decade Counter.srcs/sources_1/new/q1_1005502.v:47]
INFO: [Synth 8-9084] Verilog file 'D:/DSL/Q1-Decade Counter/Q1-Decade Counter.srcs/sources_1/new/q1_1005502.v' ignored due to errors
Failed to read verilog 'D:/DSL/Q1-Decade Counter/Q1-Decade Counter.srcs/sources_1/new/q1_1005502.v'
INFO: [Common 17-83] Releasing license: Synthesis
7 Infos, 0 Warnings, 0 Critical Warnings and 6 Errors encountered.
synth_design failed
ERROR: [Common 17-69] Command failed: Vivado Synthesis failed
INFO: [Common 17-206] Exiting Vivado at Sat Mar  9 21:36:41 2024...
